# JRE version: Java(TM) SE Runtime Environment (8.0_191-b12) (build 1.8.0_191-b12)
# Java VM: Java HotSpot(TM) 64-Bit Server VM (25.191-b12 mixed mode windows-amd64 compressed oops)
Heap:
 PSYoungGen      total 130560K, used 49590K [0x00000000e0000000, 0x00000000eb680000, 0x0000000100000000)
  eden space 113152K, 28% used [0x00000000e0000000,0x00000000e1f75650,0x00000000e6e80000)
  from space 17408K, 99% used [0x00000000e6e80000,0x00000000e7f784e0,0x00000000e7f80000)
  to   space 22528K, 0% used [0x00000000ea080000,0x00000000ea080000,0x00000000eb680000)
 ParOldGen       total 98304K, used 32645K [0x00000000a0000000, 0x00000000a6000000, 0x00000000e0000000)
  object space 98304K, 33% used [0x00000000a0000000,0x00000000a1fe1600,0x00000000a6000000)
 Metaspace       used 56922K, capacity 58924K, committed 59136K, reserved 1099776K
  class space    used 7929K, capacity 8403K, committed 8448K, reserved 1048576K
GC Heap History (10 events):
Event: 13.591 GC heap before
{Heap before GC invocations=11 (full 2):
 PSYoungGen      total 84480K, used 10748K [0x00000000e0000000, 0x00000000e7780000, 0x0000000100000000)
  eden space 73728K, 0% used [0x00000000e0000000,0x00000000e0000000,0x00000000e4800000)
  from space 10752K, 99% used [0x00000000e4800000,0x00000000e527f198,0x00000000e5280000)
  to   space 12288K, 0% used [0x00000000e6b80000,0x00000000e6b80000,0x00000000e7780000)
 ParOldGen       total 60928K, used 8750K [0x00000000a0000000, 0x00000000a3b80000, 0x00000000e0000000)
  object space 60928K, 14% used [0x00000000a0000000,0x00000000a088bbf8,0x00000000a3b80000)
 Metaspace       used 34777K, capacity 35476K, committed 35496K, reserved 1079296K
  class space    used 4909K, capacity 5118K, committed 5120K, reserved 1048576K
Event: 13.700 GC heap after
Heap after GC invocations=11 (full 2):
 PSYoungGen      total 84480K, used 0K [0x00000000e0000000, 0x00000000e7780000, 0x0000000100000000)
  eden space 73728K, 0% used [0x00000000e0000000,0x00000000e0000000,0x00000000e4800000)
  from space 10752K, 0% used [0x00000000e4800000,0x00000000e4800000,0x00000000e5280000)
  to   space 12288K, 0% used [0x00000000e6b80000,0x00000000e6b80000,0x00000000e7780000)
 ParOldGen       total 98304K, used 17800K [0x00000000a0000000, 0x00000000a6000000, 0x00000000e0000000)
  object space 98304K, 18% used [0x00000000a0000000,0x00000000a1162010,0x00000000a6000000)
 Metaspace       used 34777K, capacity 35476K, committed 35496K, reserved 1079296K
  class space    used 4909K, capacity 5118K, committed 5120K, reserved 1048576K
}
Event: 15.155 GC heap before
{Heap before GC invocations=12 (full 2):
 PSYoungGen      total 84480K, used 73728K [0x00000000e0000000, 0x00000000e7780000, 0x0000000100000000)
  eden space 73728K, 100% used [0x00000000e0000000,0x00000000e4800000,0x00000000e4800000)
  from space 10752K, 0% used [0x00000000e4800000,0x00000000e4800000,0x00000000e5280000)
  to   space 12288K, 0% used [0x00000000e6b80000,0x00000000e6b80000,0x00000000e7780000)
 ParOldGen       total 98304K, used 17800K [0x00000000a0000000, 0x00000000a6000000, 0x00000000e0000000)
  object space 98304K, 18% used [0x00000000a0000000,0x00000000a1162010,0x00000000a6000000)
 Metaspace       used 38958K, capacity 39742K, committed 40064K, reserved 1083392K
  class space    used 5422K, capacity 5684K, committed 5760K, reserved 1048576K
Event: 15.177 GC heap after
Heap after GC invocations=12 (full 2):
 PSYoungGen      total 100352K, used 7137K [0x00000000e0000000, 0x00000000e7280000, 0x0000000100000000)
  eden space 93184K, 0% used [0x00000000e0000000,0x00000000e0000000,0x00000000e5b00000)
  from space 7168K, 99% used [0x00000000e6b80000,0x00000000e72786e8,0x00000000e7280000)
  to   space 11776K, 0% used [0x00000000e5b80000,0x00000000e5b80000,0x00000000e6700000)
 ParOldGen       total 98304K, used 17808K [0x00000000a0000000, 0x00000000a6000000, 0x00000000e0000000)
  object space 98304K, 18% used [0x00000000a0000000,0x00000000a1164010,0x00000000a6000000)
 Metaspace       used 38958K, capacity 39742K, committed 40064K, reserved 1083392K
  class space    used 5422K, capacity 5684K, committed 5760K, reserved 1048576K
}
Event: 17.681 GC heap before
{Heap before GC invocations=13 (full 2):
 PSYoungGen      total 100352K, used 100321K [0x00000000e0000000, 0x00000000e7280000, 0x0000000100000000)
  eden space 93184K, 100% used [0x00000000e0000000,0x00000000e5b00000,0x00000000e5b00000)
  from space 7168K, 99% used [0x00000000e6b80000,0x00000000e72786e8,0x00000000e7280000)
  to   space 11776K, 0% used [0x00000000e5b80000,0x00000000e5b80000,0x00000000e6700000)
 ParOldGen       total 98304K, used 17808K [0x00000000a0000000, 0x00000000a6000000, 0x00000000e0000000)
  object space 98304K, 18% used [0x00000000a0000000,0x00000000a1164010,0x00000000a6000000)
 Metaspace       used 47052K, capacity 48066K, committed 48384K, reserved 1091584K
  class space    used 6546K, capacity 6865K, committed 6912K, reserved 1048576K
Event: 17.702 GC heap after
Heap after GC invocations=13 (full 2):
 PSYoungGen      total 105472K, used 11768K [0x00000000e0000000, 0x00000000e8d80000, 0x0000000100000000)
  eden space 93696K, 0% used [0x00000000e0000000,0x00000000e0000000,0x00000000e5b80000)
  from space 11776K, 99% used [0x00000000e5b80000,0x00000000e66fe178,0x00000000e6700000)
  to   space 14336K, 0% used [0x00000000e7f80000,0x00000000e7f80000,0x00000000e8d80000)
 ParOldGen       total 98304K, used 20686K [0x00000000a0000000, 0x00000000a6000000, 0x00000000e0000000)
  object space 98304K, 21% used [0x00000000a0000000,0x00000000a1433858,0x00000000a6000000)
 Metaspace       used 47052K, capacity 48066K, committed 48384K, reserved 1091584K
  class space    used 6546K, capacity 6865K, committed 6912K, reserved 1048576K
}
Event: 19.462 GC heap before
{Heap before GC invocations=14 (full 2):
 PSYoungGen      total 105472K, used 105464K [0x00000000e0000000, 0x00000000e8d80000, 0x0000000100000000)
  eden space 93696K, 100% used [0x00000000e0000000,0x00000000e5b80000,0x00000000e5b80000)
  from space 11776K, 99% used [0x00000000e5b80000,0x00000000e66fe178,0x00000000e6700000)
  to   space 14336K, 0% used [0x00000000e7f80000,0x00000000e7f80000,0x00000000e8d80000)
 ParOldGen       total 98304K, used 20686K [0x00000000a0000000, 0x00000000a6000000, 0x00000000e0000000)
  object space 98304K, 21% used [0x00000000a0000000,0x00000000a1433858,0x00000000a6000000)
 Metaspace       used 52378K, capacity 54136K, committed 54400K, reserved 1095680K
  class space    used 7351K, capacity 7778K, committed 7808K, reserved 1048576K
Event: 19.494 GC heap after
Heap after GC invocations=14 (full 2):
 PSYoungGen      total 127488K, used 14304K [0x00000000e0000000, 0x00000000e9600000, 0x0000000100000000)
  eden space 113152K, 0% used [0x00000000e0000000,0x00000000e0000000,0x00000000e6e80000)
  from space 14336K, 99% used [0x00000000e7f80000,0x00000000e8d781a0,0x00000000e8d80000)
  to   space 17408K, 0% used [0x00000000e6e80000,0x00000000e6e80000,0x00000000e7f80000)
 ParOldGen       total 98304K, used 24121K [0x00000000a0000000, 0x00000000a6000000, 0x00000000e0000000)
  object space 98304K, 24% used [0x00000000a0000000,0x00000000a178e680,0x00000000a6000000)
 Metaspace       used 52378K, capacity 54136K, committed 54400K, reserved 1095680K
  class space    used 7351K, capacity 7778K, committed 7808K, reserved 1048576K
}
Event: 23.914 GC heap before
{Heap before GC invocations=15 (full 2):
 PSYoungGen      total 127488K, used 127456K [0x00000000e0000000, 0x00000000e9600000, 0x0000000100000000)
  eden space 113152K, 100% used [0x00000000e0000000,0x00000000e6e80000,0x00000000e6e80000)
  from space 14336K, 99% used [0x00000000e7f80000,0x00000000e8d781a0,0x00000000e8d80000)
  to   space 17408K, 0% used [0x00000000e6e80000,0x00000000e6e80000,0x00000000e7f80000)
 ParOldGen       total 98304K, used 24121K [0x00000000a0000000, 0x00000000a6000000, 0x00000000e0000000)
  object space 98304K, 24% used [0x00000000a0000000,0x00000000a178e680,0x00000000a6000000)
 Metaspace       used 56659K, capacity 58702K, committed 58880K, reserved 1099776K
  class space    used 7897K, capacity 8396K, committed 8448K, reserved 1048576K
Event: 23.948 GC heap after
Heap after GC invocations=15 (full 2):
 PSYoungGen      total 130560K, used 17377K [0x00000000e0000000, 0x00000000eb680000, 0x0000000100000000)
  eden space 113152K, 0% used [0x00000000e0000000,0x00000000e0000000,0x00000000e6e80000)
  from space 17408K, 99% used [0x00000000e6e80000,0x00000000e7f784e0,0x00000000e7f80000)
  to   space 22528K, 0% used [0x00000000ea080000,0x00000000ea080000,0x00000000eb680000)
 ParOldGen       total 98304K, used 32645K [0x00000000a0000000, 0x00000000a6000000, 0x00000000e0000000)
  object space 98304K, 33% used [0x00000000a0000000,0x00000000a1fe1600,0x00000000a6000000)
 Metaspace       used 56659K, capacity 58702K, committed 58880K, reserved 1099776K
  class space    used 7897K, capacity 8396K, committed 8448K, reserved 1048576K
}

