# JRE version: Java(TM) SE Runtime Environment (8.0_191-b12) (build 1.8.0_191-b12)
# Java VM: Java HotSpot(TM) 64-Bit Server VM (25.191-b12 mixed mode windows-amd64 compressed oops)
Heap:
 PSYoungGen      total 175616K, used 139744K [0x00000000e0000000, 0x00000000f0580000, 0x0000000100000000)
  eden space 162304K, 86% used [0x00000000e0000000,0x00000000e88781e0,0x00000000e9e80000)
  from space 13312K, 0% used [0x00000000eab80000,0x00000000eab80000,0x00000000eb880000)
  to   space 13312K, 0% used [0x00000000e9e80000,0x00000000e9e80000,0x00000000eab80000)
 ParOldGen       total 58880K, used 15804K [0x00000000a0000000, 0x00000000a3980000, 0x00000000e0000000)
  object space 58880K, 26% used [0x00000000a0000000,0x00000000a0f6f138,0x00000000a3980000)
 Metaspace       used 43750K, capacity 44790K, committed 44928K, reserved 1087488K
  class space    used 6155K, capacity 6465K, committed 6528K, reserved 1048576K
GC Heap History (10 events):
Event: 4.950 GC heap before
{Heap before GC invocations=6 (full 1):
 PSYoungGen      total 70656K, used 5097K [0x00000000e0000000, 0x00000000e9400000, 0x0000000100000000)
  eden space 65536K, 0% used [0x00000000e0000000,0x00000000e0000000,0x00000000e4000000)
  from space 5120K, 99% used [0x00000000e4000000,0x00000000e44fa660,0x00000000e4500000)
  to   space 10240K, 0% used [0x00000000e8a00000,0x00000000e8a00000,0x00000000e9400000)
 ParOldGen       total 86016K, used 8509K [0x00000000a0000000, 0x00000000a5400000, 0x00000000e0000000)
  object space 86016K, 9% used [0x00000000a0000000,0x00000000a084f458,0x00000000a5400000)
 Metaspace       used 20737K, capacity 21154K, committed 21296K, reserved 1067008K
  class space    used 2945K, capacity 3107K, committed 3200K, reserved 1048576K
Event: 5.008 GC heap after
Heap after GC invocations=6 (full 1):
 PSYoungGen      total 70656K, used 0K [0x00000000e0000000, 0x00000000e9400000, 0x0000000100000000)
  eden space 65536K, 0% used [0x00000000e0000000,0x00000000e0000000,0x00000000e4000000)
  from space 5120K, 0% used [0x00000000e4000000,0x00000000e4000000,0x00000000e4500000)
  to   space 10240K, 0% used [0x00000000e8a00000,0x00000000e8a00000,0x00000000e9400000)
 ParOldGen       total 58880K, used 8147K [0x00000000a0000000, 0x00000000a3980000, 0x00000000e0000000)
  object space 58880K, 13% used [0x00000000a0000000,0x00000000a07f4d80,0x00000000a3980000)
 Metaspace       used 20737K, capacity 21154K, committed 21296K, reserved 1067008K
  class space    used 2945K, capacity 3107K, committed 3200K, reserved 1048576K
}
Event: 6.216 GC heap before
{Heap before GC invocations=7 (full 1):
 PSYoungGen      total 70656K, used 65536K [0x00000000e0000000, 0x00000000e9400000, 0x0000000100000000)
  eden space 65536K, 100% used [0x00000000e0000000,0x00000000e4000000,0x00000000e4000000)
  from space 5120K, 0% used [0x00000000e4000000,0x00000000e4000000,0x00000000e4500000)
  to   space 10240K, 0% used [0x00000000e8a00000,0x00000000e8a00000,0x00000000e9400000)
 ParOldGen       total 58880K, used 8147K [0x00000000a0000000, 0x00000000a3980000, 0x00000000e0000000)
  object space 58880K, 13% used [0x00000000a0000000,0x00000000a07f4d80,0x00000000a3980000)
 Metaspace       used 26710K, capacity 27228K, committed 27520K, reserved 1073152K
  class space    used 3763K, capacity 3928K, committed 3968K, reserved 1048576K
Event: 6.230 GC heap after
Heap after GC invocations=7 (full 1):
 PSYoungGen      total 111616K, used 7643K [0x00000000e0000000, 0x00000000e9180000, 0x0000000100000000)
  eden space 103936K, 0% used [0x00000000e0000000,0x00000000e0000000,0x00000000e6580000)
  from space 7680K, 99% used [0x00000000e8a00000,0x00000000e9176cf8,0x00000000e9180000)
  to   space 10240K, 0% used [0x00000000e7d80000,0x00000000e7d80000,0x00000000e8780000)
 ParOldGen       total 58880K, used 8155K [0x00000000a0000000, 0x00000000a3980000, 0x00000000e0000000)
  object space 58880K, 13% used [0x00000000a0000000,0x00000000a07f6d80,0x00000000a3980000)
 Metaspace       used 26710K, capacity 27228K, committed 27520K, reserved 1073152K
  class space    used 3763K, capacity 3928K, committed 3968K, reserved 1048576K
}
Event: 9.317 GC heap before
{Heap before GC invocations=8 (full 1):
 PSYoungGen      total 111616K, used 111551K [0x00000000e0000000, 0x00000000e9180000, 0x0000000100000000)
  eden space 103936K, 99% used [0x00000000e0000000,0x00000000e6578ff0,0x00000000e6580000)
  from space 7680K, 99% used [0x00000000e8a00000,0x00000000e9176cf8,0x00000000e9180000)
  to   space 10240K, 0% used [0x00000000e7d80000,0x00000000e7d80000,0x00000000e8780000)
 ParOldGen       total 58880K, used 8155K [0x00000000a0000000, 0x00000000a3980000, 0x00000000e0000000)
  object space 58880K, 13% used [0x00000000a0000000,0x00000000a07f6d80,0x00000000a3980000)
 Metaspace       used 34412K, capacity 35124K, committed 35328K, reserved 1079296K
  class space    used 4883K, capacity 5086K, committed 5120K, reserved 1048576K
Event: 9.352 GC heap after
Heap after GC invocations=8 (full 1):
 PSYoungGen      total 138752K, used 10230K [0x00000000e0000000, 0x00000000eb880000, 0x0000000100000000)
  eden space 128512K, 0% used [0x00000000e0000000,0x00000000e0000000,0x00000000e7d80000)
  from space 10240K, 99% used [0x00000000e7d80000,0x00000000e877d860,0x00000000e8780000)
  to   space 13312K, 0% used [0x00000000eab80000,0x00000000eab80000,0x00000000eb880000)
 ParOldGen       total 58880K, used 12270K [0x00000000a0000000, 0x00000000a3980000, 0x00000000e0000000)
  object space 58880K, 20% used [0x00000000a0000000,0x00000000a0bfb978,0x00000000a3980000)
 Metaspace       used 34412K, capacity 35124K, committed 35328K, reserved 1079296K
  class space    used 4883K, capacity 5086K, committed 5120K, reserved 1048576K
}
Event: 9.399 GC heap before
{Heap before GC invocations=9 (full 1):
 PSYoungGen      total 138752K, used 12442K [0x00000000e0000000, 0x00000000eb880000, 0x0000000100000000)
  eden space 128512K, 1% used [0x00000000e0000000,0x00000000e0229298,0x00000000e7d80000)
  from space 10240K, 99% used [0x00000000e7d80000,0x00000000e877d860,0x00000000e8780000)
  to   space 13312K, 0% used [0x00000000eab80000,0x00000000eab80000,0x00000000eb880000)
 ParOldGen       total 58880K, used 12270K [0x00000000a0000000, 0x00000000a3980000, 0x00000000e0000000)
  object space 58880K, 20% used [0x00000000a0000000,0x00000000a0bfb978,0x00000000a3980000)
 Metaspace       used 34775K, capacity 35476K, committed 35496K, reserved 1079296K
  class space    used 4909K, capacity 5118K, committed 5120K, reserved 1048576K
Event: 9.418 GC heap after
Heap after GC invocations=9 (full 1):
 PSYoungGen      total 175616K, used 9218K [0x00000000e0000000, 0x00000000f0580000, 0x0000000100000000)
  eden space 162304K, 0% used [0x00000000e0000000,0x00000000e0000000,0x00000000e9e80000)
  from space 13312K, 69% used [0x00000000eab80000,0x00000000eb480968,0x00000000eb880000)
  to   space 13312K, 0% used [0x00000000e9e80000,0x00000000e9e80000,0x00000000eab80000)
 ParOldGen       total 58880K, used 12278K [0x00000000a0000000, 0x00000000a3980000, 0x00000000e0000000)
  object space 58880K, 20% used [0x00000000a0000000,0x00000000a0bfd978,0x00000000a3980000)
 Metaspace       used 34775K, capacity 35476K, committed 35496K, reserved 1079296K
  class space    used 4909K, capacity 5118K, committed 5120K, reserved 1048576K
}
Event: 9.418 GC heap before
{Heap before GC invocations=10 (full 2):
 PSYoungGen      total 175616K, used 9218K [0x00000000e0000000, 0x00000000f0580000, 0x0000000100000000)
  eden space 162304K, 0% used [0x00000000e0000000,0x00000000e0000000,0x00000000e9e80000)
  from space 13312K, 69% used [0x00000000eab80000,0x00000000eb480968,0x00000000eb880000)
  to   space 13312K, 0% used [0x00000000e9e80000,0x00000000e9e80000,0x00000000eab80000)
 ParOldGen       total 58880K, used 12278K [0x00000000a0000000, 0x00000000a3980000, 0x00000000e0000000)
  object space 58880K, 20% used [0x00000000a0000000,0x00000000a0bfd978,0x00000000a3980000)
 Metaspace       used 34775K, capacity 35476K, committed 35496K, reserved 1079296K
  class space    used 4909K, capacity 5118K, committed 5120K, reserved 1048576K
Event: 9.550 GC heap after
Heap after GC invocations=10 (full 2):
 PSYoungGen      total 175616K, used 0K [0x00000000e0000000, 0x00000000f0580000, 0x0000000100000000)
  eden space 162304K, 0% used [0x00000000e0000000,0x00000000e0000000,0x00000000e9e80000)
  from space 13312K, 0% used [0x00000000eab80000,0x00000000eab80000,0x00000000eb880000)
  to   space 13312K, 0% used [0x00000000e9e80000,0x00000000e9e80000,0x00000000eab80000)
 ParOldGen       total 58880K, used 15804K [0x00000000a0000000, 0x00000000a3980000, 0x00000000e0000000)
  object space 58880K, 26% used [0x00000000a0000000,0x00000000a0f6f138,0x00000000a3980000)
 Metaspace       used 34775K, capacity 35476K, committed 35496K, reserved 1079296K
  class space    used 4909K, capacity 5118K, committed 5120K, reserved 1048576K
}

