# JRE version: Java(TM) SE Runtime Environment (8.0_191-b12) (build 1.8.0_191-b12)
# Java VM: Java HotSpot(TM) 64-Bit Server VM (25.191-b12 mixed mode windows-amd64 compressed oops)
Heap:
 PSYoungGen      total 106496K, used 41186K [0x00000000e0000000, 0x00000000e7780000, 0x0000000100000000)
  eden space 95744K, 43% used [0x00000000e0000000,0x00000000e2838be0,0x00000000e5d80000)
  from space 10752K, 0% used [0x00000000e6900000,0x00000000e6900000,0x00000000e7380000)
  to   space 11776K, 0% used [0x00000000e5d80000,0x00000000e5d80000,0x00000000e6900000)
 ParOldGen       total 60416K, used 18086K [0x00000000a0000000, 0x00000000a3b00000, 0x00000000e0000000)
  object space 60416K, 29% used [0x00000000a0000000,0x00000000a11a9a58,0x00000000a3b00000)
 Metaspace       used 37118K, capacity 37898K, committed 38016K, reserved 1081344K
  class space    used 5196K, capacity 5456K, committed 5504K, reserved 1048576K
GC Heap History (10 events):
Event: 7.353 GC heap before
{Heap before GC invocations=6 (full 1):
 PSYoungGen      total 70656K, used 5097K [0x00000000e0000000, 0x00000000e4a00000, 0x0000000100000000)
  eden space 65536K, 0% used [0x00000000e0000000,0x00000000e0000000,0x00000000e4000000)
  from space 5120K, 99% used [0x00000000e4000000,0x00000000e44fa660,0x00000000e4500000)
  to   space 5120K, 0% used [0x00000000e4500000,0x00000000e4500000,0x00000000e4a00000)
 ParOldGen       total 86016K, used 8570K [0x00000000a0000000, 0x00000000a5400000, 0x00000000e0000000)
  object space 86016K, 9% used [0x00000000a0000000,0x00000000a085e9a8,0x00000000a5400000)
 Metaspace       used 20734K, capacity 21154K, committed 21296K, reserved 1067008K
  class space    used 2944K, capacity 3107K, committed 3200K, reserved 1048576K
Event: 7.433 GC heap after
Heap after GC invocations=6 (full 1):
 PSYoungGen      total 70656K, used 0K [0x00000000e0000000, 0x00000000e4a00000, 0x0000000100000000)
  eden space 65536K, 0% used [0x00000000e0000000,0x00000000e0000000,0x00000000e4000000)
  from space 5120K, 0% used [0x00000000e4000000,0x00000000e4000000,0x00000000e4500000)
  to   space 5120K, 0% used [0x00000000e4500000,0x00000000e4500000,0x00000000e4a00000)
 ParOldGen       total 60416K, used 8133K [0x00000000a0000000, 0x00000000a3b00000, 0x00000000e0000000)
  object space 60416K, 13% used [0x00000000a0000000,0x00000000a07f1550,0x00000000a3b00000)
 Metaspace       used 20734K, capacity 21154K, committed 21296K, reserved 1067008K
  class space    used 2944K, capacity 3107K, committed 3200K, reserved 1048576K
}
Event: 9.286 GC heap before
{Heap before GC invocations=7 (full 1):
 PSYoungGen      total 70656K, used 65536K [0x00000000e0000000, 0x00000000e4a00000, 0x0000000100000000)
  eden space 65536K, 100% used [0x00000000e0000000,0x00000000e4000000,0x00000000e4000000)
  from space 5120K, 0% used [0x00000000e4000000,0x00000000e4000000,0x00000000e4500000)
  to   space 5120K, 0% used [0x00000000e4500000,0x00000000e4500000,0x00000000e4a00000)
 ParOldGen       total 60416K, used 8133K [0x00000000a0000000, 0x00000000a3b00000, 0x00000000e0000000)
  object space 60416K, 13% used [0x00000000a0000000,0x00000000a07f1550,0x00000000a3b00000)
 Metaspace       used 26718K, capacity 27228K, committed 27520K, reserved 1073152K
  class space    used 3761K, capacity 3928K, committed 3968K, reserved 1048576K
Event: 9.298 GC heap after
Heap after GC invocations=7 (full 1):
 PSYoungGen      total 70656K, used 5089K [0x00000000e0000000, 0x00000000e4a00000, 0x0000000100000000)
  eden space 65536K, 0% used [0x00000000e0000000,0x00000000e0000000,0x00000000e4000000)
  from space 5120K, 99% used [0x00000000e4500000,0x00000000e49f87f0,0x00000000e4a00000)
  to   space 5120K, 0% used [0x00000000e4000000,0x00000000e4000000,0x00000000e4500000)
 ParOldGen       total 60416K, used 10650K [0x00000000a0000000, 0x00000000a3b00000, 0x00000000e0000000)
  object space 60416K, 17% used [0x00000000a0000000,0x00000000a0a66998,0x00000000a3b00000)
 Metaspace       used 26718K, capacity 27228K, committed 27520K, reserved 1073152K
  class space    used 3761K, capacity 3928K, committed 3968K, reserved 1048576K
}
Event: 12.571 GC heap before
{Heap before GC invocations=8 (full 1):
 PSYoungGen      total 70656K, used 70625K [0x00000000e0000000, 0x00000000e4a00000, 0x0000000100000000)
  eden space 65536K, 100% used [0x00000000e0000000,0x00000000e4000000,0x00000000e4000000)
  from space 5120K, 99% used [0x00000000e4500000,0x00000000e49f87f0,0x00000000e4a00000)
  to   space 5120K, 0% used [0x00000000e4000000,0x00000000e4000000,0x00000000e4500000)
 ParOldGen       total 60416K, used 10650K [0x00000000a0000000, 0x00000000a3b00000, 0x00000000e0000000)
  object space 60416K, 17% used [0x00000000a0000000,0x00000000a0a66998,0x00000000a3b00000)
 Metaspace       used 29873K, capacity 30410K, committed 30592K, reserved 1075200K
  class space    used 4258K, capacity 4454K, committed 4480K, reserved 1048576K
Event: 12.586 GC heap after
Heap after GC invocations=8 (full 1):
 PSYoungGen      total 70656K, used 5108K [0x00000000e0000000, 0x00000000e7380000, 0x0000000100000000)
  eden space 65536K, 0% used [0x00000000e0000000,0x00000000e0000000,0x00000000e4000000)
  from space 5120K, 99% used [0x00000000e4000000,0x00000000e44fd010,0x00000000e4500000)
  to   space 10752K, 0% used [0x00000000e6900000,0x00000000e6900000,0x00000000e7380000)
 ParOldGen       total 60416K, used 14866K [0x00000000a0000000, 0x00000000a3b00000, 0x00000000e0000000)
  object space 60416K, 24% used [0x00000000a0000000,0x00000000a0e84ac0,0x00000000a3b00000)
 Metaspace       used 29873K, capacity 30410K, committed 30592K, reserved 1075200K
  class space    used 4258K, capacity 4454K, committed 4480K, reserved 1048576K
}
Event: 14.053 GC heap before
{Heap before GC invocations=9 (full 1):
 PSYoungGen      total 70656K, used 44213K [0x00000000e0000000, 0x00000000e7380000, 0x0000000100000000)
  eden space 65536K, 59% used [0x00000000e0000000,0x00000000e26305f8,0x00000000e4000000)
  from space 5120K, 99% used [0x00000000e4000000,0x00000000e44fd010,0x00000000e4500000)
  to   space 10752K, 0% used [0x00000000e6900000,0x00000000e6900000,0x00000000e7380000)
 ParOldGen       total 60416K, used 14866K [0x00000000a0000000, 0x00000000a3b00000, 0x00000000e0000000)
  object space 60416K, 24% used [0x00000000a0000000,0x00000000a0e84ac0,0x00000000a3b00000)
 Metaspace       used 34724K, capacity 35476K, committed 35496K, reserved 1079296K
  class space    used 4908K, capacity 5118K, committed 5120K, reserved 1048576K
Event: 14.075 GC heap after
Heap after GC invocations=9 (full 1):
 PSYoungGen      total 106496K, used 10436K [0x00000000e0000000, 0x00000000e7780000, 0x0000000100000000)
  eden space 95744K, 0% used [0x00000000e0000000,0x00000000e0000000,0x00000000e5d80000)
  from space 10752K, 97% used [0x00000000e6900000,0x00000000e7331238,0x00000000e7380000)
  to   space 11776K, 0% used [0x00000000e5d80000,0x00000000e5d80000,0x00000000e6900000)
 ParOldGen       total 60416K, used 14874K [0x00000000a0000000, 0x00000000a3b00000, 0x00000000e0000000)
  object space 60416K, 24% used [0x00000000a0000000,0x00000000a0e86ac0,0x00000000a3b00000)
 Metaspace       used 34724K, capacity 35476K, committed 35496K, reserved 1079296K
  class space    used 4908K, capacity 5118K, committed 5120K, reserved 1048576K
}
Event: 14.075 GC heap before
{Heap before GC invocations=10 (full 2):
 PSYoungGen      total 106496K, used 10436K [0x00000000e0000000, 0x00000000e7780000, 0x0000000100000000)
  eden space 95744K, 0% used [0x00000000e0000000,0x00000000e0000000,0x00000000e5d80000)
  from space 10752K, 97% used [0x00000000e6900000,0x00000000e7331238,0x00000000e7380000)
  to   space 11776K, 0% used [0x00000000e5d80000,0x00000000e5d80000,0x00000000e6900000)
 ParOldGen       total 60416K, used 14874K [0x00000000a0000000, 0x00000000a3b00000, 0x00000000e0000000)
  object space 60416K, 24% used [0x00000000a0000000,0x00000000a0e86ac0,0x00000000a3b00000)
 Metaspace       used 34724K, capacity 35476K, committed 35496K, reserved 1079296K
  class space    used 4908K, capacity 5118K, committed 5120K, reserved 1048576K
Event: 14.230 GC heap after
Heap after GC invocations=10 (full 2):
 PSYoungGen      total 106496K, used 0K [0x00000000e0000000, 0x00000000e7780000, 0x0000000100000000)
  eden space 95744K, 0% used [0x00000000e0000000,0x00000000e0000000,0x00000000e5d80000)
  from space 10752K, 0% used [0x00000000e6900000,0x00000000e6900000,0x00000000e7380000)
  to   space 11776K, 0% used [0x00000000e5d80000,0x00000000e5d80000,0x00000000e6900000)
 ParOldGen       total 60416K, used 18086K [0x00000000a0000000, 0x00000000a3b00000, 0x00000000e0000000)
  object space 60416K, 29% used [0x00000000a0000000,0x00000000a11a9a58,0x00000000a3b00000)
 Metaspace       used 34724K, capacity 35476K, committed 35496K, reserved 1079296K
  class space    used 4908K, capacity 5118K, committed 5120K, reserved 1048576K
}

